2018-01-12T02:36:27.739Z - normal: Load ~/.CocosCreator/settings.json
2018-01-12T02:36:27.743Z - normal: checking language setting...
2018-01-12T02:36:27.744Z - normal: Language: zh
2018-01-12T02:36:29.301Z - success: protocol editor-framework registered
2018-01-12T02:36:29.301Z - success: protocol app registered
2018-01-12T02:36:29.301Z - success: protocol theme registered
2018-01-12T02:36:29.301Z - success: protocol packages registered
2018-01-12T02:36:29.301Z - success: protocol unpack registerred
2018-01-12T02:36:29.301Z - success: protocol disable-commonjs registerred
2018-01-12T02:36:29.634Z - normal: connected!
2018-01-12T02:36:29.640Z - normal: Check project F:\git\myself\h5game\cocos\demo1
2018-01-12T02:36:29.648Z - normal: Initializing Cocos2d
2018-01-12T02:36:29.842Z - normal: Initializing Asset Database
2018-01-12T02:36:29.872Z - success: protocol uuid registerred
2018-01-12T02:36:29.872Z - success: protocol db registerred
2018-01-12T02:36:29.873Z - success: protocol thumbnail registerred
2018-01-12T02:36:29.873Z - normal: Loading editor/builtin packages
2018-01-12T02:36:29.891Z - success: anysdk loaded
2018-01-12T02:36:29.983Z - success: assets loaded
2018-01-12T02:36:29.984Z - success: builder loaded
2018-01-12T02:36:29.986Z - success: cocos-analytics loaded
2018-01-12T02:36:29.989Z - success: console loaded
2018-01-12T02:36:29.991Z - success: hierarchy loaded
2018-01-12T02:36:29.993Z - success: inspector loaded
2018-01-12T02:36:29.994Z - success: keystore loaded
2018-01-12T02:36:29.996Z - success: node-library loaded
2018-01-12T02:36:29.998Z - success: package-asset loaded
2018-01-12T02:36:29.999Z - success: preferences loaded
2018-01-12T02:36:30.000Z - success: project-exporter loaded
2018-01-12T02:36:30.013Z - success: project-importer loaded
2018-01-12T02:36:30.015Z - success: project-settings loaded
2018-01-12T02:36:30.016Z - success: ui-kit loaded
2018-01-12T02:36:30.018Z - success: ui-grid loaded
2018-01-12T02:36:30.020Z - success: scene loaded
2018-01-12T02:36:30.021Z - success: sprite-editor loaded
2018-01-12T02:36:30.024Z - success: store loaded
2018-01-12T02:36:30.027Z - success: timeline loaded
2018-01-12T02:36:30.027Z - normal: Loading builtin packages
2018-01-12T02:36:30.029Z - success: asset-db-debugger loaded
2018-01-12T02:36:30.030Z - success: code-editor loaded
2018-01-12T02:36:30.030Z - success: color-picker loaded
2018-01-12T02:36:30.031Z - success: package-manager loaded
2018-01-12T02:36:30.034Z - success: sdkbox loaded
2018-01-12T02:36:30.036Z - success: tester loaded
2018-01-12T02:36:30.038Z - success: ui-kit-preview-extra loaded
2018-01-12T02:36:30.039Z - success: ui-kit-preview loaded
2018-01-12T02:36:30.040Z - success: ui-tree loaded
2018-01-12T02:36:31.035Z - normal: Initializing project F:\git\myself\h5game\cocos\demo1
2018-01-12T02:36:31.037Z - normal: Loading packages
2018-01-12T02:36:31.040Z - normal: Watching packages
2018-01-12T02:36:31.051Z - normal: Run Application
2018-01-12T02:36:31.404Z - success: preview server running at http://localhost:7456
2018-01-12T02:36:35.031Z - normal: 1.8.0
2018-01-12T02:36:51.627Z - normal: Start building with options : {
  "androidStudio": true,
  "apiLevel": "",
  "appABIs": [],
  "appKey": "",
  "appSecret": "",
  "buildPath": "F:\\git\\myself\\h5game\\cocos\\demo1\\build",
  "debug": false,
  "dest": "F:\\git\\myself\\h5game\\cocos\\demo1\\build\\wechatgame",
  "encryptJs": true,
  "excludeScenes": [],
  "excludedModules": [],
  "includeAnySDK": false,
  "includeEruda": false,
  "includeSDKBox": false,
  "inlineSpriteFrames": true,
  "inlineSpriteFrames_native": true,
  "jailbreakPlatform": false,
  "md5Cache": false,
  "mergeStartScene": false,
  "oauthLoginServer": "",
  "optimizeHotUpdate": false,
  "orientation": {
    "landscapeLeft": true,
    "landscapeRight": true,
    "portrait": false,
    "upsideDown": false
  },
  "packageName": "org.cocos2d.start_project",
  "platform": "wechatgame",
  "previewHeight": "720",
  "previewWidth": "1280",
  "privateKey": "",
  "renderMode": "0",
  "scenes": [
    "7e51136e-ccf8-419a-996a-9001b4ac7289"
  ],
  "sourceMaps": false,
  "startScene": "7e51136e-ccf8-419a-996a-9001b4ac7289",
  "template": "link",
  "title": "demo1",
  "useDebugKeystore": true,
  "vsVersion": "auto",
  "webOrientation": "auto",
  "wechatgame": {
    "appid": "wx48ca4088af266308",
    "orientation": "portrait"
  },
  "xxteaKey": "356eabc8-3d86-46",
  "project": "F:\\git\\myself\\h5game\\cocos\\demo1",
  "projectName": "demo1",
  "debugBuildWorker": false
}
2018-01-12T02:36:51.628Z - normal: Building F:\git\myself\h5game\cocos\demo1
2018-01-12T02:36:51.628Z - normal: Destination F:\git\myself\h5game\cocos\demo1\build\wechatgame
2018-01-12T02:36:51.863Z - normal: Delete F:\git\myself\h5game\cocos\demo1\build\wechatgame\**\*
2018-01-12T02:36:53.361Z - normal: Compiled project javascript file successfully
2018-01-12T02:36:53.362Z - normal: Start building assets
2018-01-12T02:36:53.362Z - normal: Start spawn build-worker
2018-01-12T02:36:53.975Z - normal: Finish spawn build-worker
2018-01-12T02:36:53.976Z - normal: Start init build-worker
2018-01-12T02:36:55.846Z - normal: 1.8.0
2018-01-12T02:36:55.923Z - normal: Finish init build-worker
2018-01-12T02:36:55.923Z - normal: Start build-assets in worker
2018-01-12T02:36:56.114Z - normal: Finish build-assets in worker
2018-01-12T02:36:56.122Z - normal: Finish building assets
2018-01-12T02:36:56.132Z - normal: Start building raw assets
2018-01-12T02:36:56.133Z - normal: Start building plugin scripts
2018-01-12T02:36:56.147Z - normal: Finish building raw assets
2018-01-12T02:36:56.152Z - normal: Generating main.js from D:\CocosCreator\resources\static\build-templates\shares\main.js
2018-01-12T02:36:56.222Z - normal: Built to "F:\git\myself\h5game\cocos\demo1\build\wechatgame" successfully
2018-01-12T02:37:05.153Z - error: Can not find path C:\Users\heygears\Desktop\start_project\cli.bat
    at EventEmitter.ipcMain.on (D:\CocosCreator\resources\app.asar\editor\core\ipc\app-ipc.js:1:1419)
    at emitTwo (events.js:106:13)
    at EventEmitter.emit (events.js:194:7)
    at WebContents.<anonymous> (D:\CocosCreator\resources\electron.asar\browser\api\web-contents.js:247:13)
    at emitTwo (events.js:106:13)
    at WebContents.emit (events.js:194:7)
